=============================== test session starts ================================
platform linux -- Python 3.11.8, pytest-7.4.3
rootdir: /home/user/project
collected 42 items

tests/test_auth.py .....                                                    [ 11%]
tests/test_models.py ...FF                                                 [ 19%]
tests/test_utils.py .......................                                [ 76%]
tests/api/test_endpoints.py ..FF.                                          [ 88%]
tests/api/test_integration.py ....                                         [100%]

=================================== FAILURES ====================================
___________________ test_models.py::TestUser::test_create_invalid_email ______
    def test_create_invalid_email(self):
        with pytest.raises(ValueError):
>           user = User.create(email="not-an-email", password="secret123")
E           ValueError: invalid email format
E           assert Email validation failed

tests/test_models.py:45: ValueError

___________________ test_models.py::TestUser::test_password_hashing ___________
    def test_password_hashing(self):
        user = User.create(email="john@example.com", password="mysecurepassword")
>       assert user.password != "mysecurepassword"
E       AssertionError: assert 'mysecurepassword' != 'mysecurepassword'

tests/test_models.py:52: AssertionError

___________________ test_endpoints.py::test_auth_token_invalid ________________
    def test_auth_token_invalid():
        response = client.get("/api/user", headers={"Authorization": "Bearer invalid"})
>       assert response.status_code == 401
E       assert 200 == 401

tests/api/test_endpoints.py:78: AssertionError

___________________ test_endpoints.py::test_create_resource_forbidden ________
    def test_create_resource_forbidden():
        response = client.post("/api/resource", headers={"Authorization": f"Bearer {guest_token}"})
>       assert response.status_code == 403
E       assert 200 == 403

tests/api/test_endpoints.py:94: AssertionError

========================= short test summary info ==========================
FAILED tests/test_models.py::TestUser::test_create_invalid_email
FAILED tests/test_models.py::TestUser::test_password_hashing
FAILED tests/api/test_endpoints.py::test_auth_token_invalid
FAILED tests/api/test_endpoints.py::test_create_resource_forbidden
============================== 38 passed, 4 failed in 2.34s ==========================
